<?xml version="1.0" encoding="UTF-8"?>
<!-- Generated by org.testng.reporters.JUnitReportReporter -->
<testsuite hostname="DESKTOP-S2R2BFT" failures="0" tests="4" name="testNgStudy.Priority_Keyword" time="0.036" errors="0" timestamp="2023-12-21T13:04:36 IST" skipped="0">
  <testcase classname="testNgStudy.Priority_Keyword" name="c" time="0.019">
    <system-out>
      <![CDATA[TC c is running]]>
    </system-out>
  </testcase> <!-- c -->
  <testcase classname="testNgStudy.Priority_Keyword" name="d" time="0.010">
    <system-out>
      <![CDATA[TC d is running]]>
    </system-out>
  </testcase> <!-- d -->
  <testcase classname="testNgStudy.Priority_Keyword" name="a" time="0.004">
    <system-out>
      <![CDATA[TC a is running]]>
    </system-out>
  </testcase> <!-- a -->
  <testcase classname="testNgStudy.Priority_Keyword" name="b" time="0.003">
    <system-out>
      <![CDATA[TC b is running]]>
    </system-out>
  </testcase> <!-- b -->
  <system-out>
    <![CDATA[TC c is running
TC d is running
TC a is running
TC b is running]]>
  </system-out>
</testsuite> <!-- testNgStudy.Priority_Keyword -->
