<?xml version="1.0" encoding="UTF-8"?>
<!-- Generated by org.testng.reporters.JUnitReportReporter -->
<testsuite hostname="DESKTOP-S2R2BFT" failures="0" tests="2" name="testNg_Include_ExcludeMethods.Class1_HowRunParticularMethod_Include_Exclude" time="0.017" errors="0" timestamp="2023-12-22T06:39:22 IST" skipped="0">
  <testcase classname="testNg_Include_ExcludeMethods.Class1_HowRunParticularMethod_Include_Exclude" name="testCase4" time="0.006">
    <system-out>
      <![CDATA[4th TestCase is runing]]>
    </system-out>
  </testcase> <!-- testCase4 -->
  <testcase classname="testNg_Include_ExcludeMethods.Class1_HowRunParticularMethod_Include_Exclude" name="testCase1" time="0.011">
    <system-out>
      <![CDATA[1st TestCase is running]]>
    </system-out>
  </testcase> <!-- testCase1 -->
  <system-out>
    <![CDATA[1st TestCase is running
4th TestCase is runing
5th testCase is running
7th TestCase is running
8th TestCase is running]]>
  </system-out>
</testsuite> <!-- testNg_Include_ExcludeMethods.Class1_HowRunParticularMethod_Include_Exclude -->
