<?xml version="1.0" encoding="UTF-8"?>
<!-- Generated by org.testng.reporters.JUnitReportReporter -->
<testsuite hostname="DESKTOP-S2R2BFT" failures="0" tests="1" name="testNgStudy.DemoExample1" time="0.022" errors="0" timestamp="2023-12-18T19:22:21 IST" skipped="0">
  <testcase classname="testNgStudy.DemoExample1" name="displayMessage" time="0.022">
    <system-out>
      <![CDATA[Hi by reporter  without boolean 
Hi using reporter with boolean
Hi using reporter with boolean]]>
    </system-out>
  </testcase> <!-- displayMessage -->
  <system-out>
    <![CDATA[Hi by reporter  without boolean 
Hi using reporter with boolean
Hi using reporter with boolean]]>
  </system-out>
</testsuite> <!-- testNgStudy.DemoExample1 -->
