<?xml version="1.0" encoding="UTF-8"?>
<!-- Generated by org.testng.reporters.JUnitReportReporter -->
<testsuite hostname="DESKTOP-S2R2BFT" failures="0" tests="2" name="crossBrowserTestingFB.CrossBrowser_FBAccountPage" time="28.570" errors="0" timestamp="2023-12-27T16:53:30 IST" skipped="0">
  <testcase classname="crossBrowserTestingFB.CrossBrowser_FBAccountPage" name="crossBrowser" time="16.555"/>
  <testcase classname="crossBrowserTestingFB.CrossBrowser_FBAccountPage" name="crossBrowser" time="12.015"/>
</testsuite> <!-- crossBrowserTestingFB.CrossBrowser_FBAccountPage -->
