<?xml version="1.0" encoding="UTF-8"?>
<!-- Generated by org.testng.reporters.JUnitReportReporter -->
<testsuite hostname="DESKTOP-S2R2BFT" failures="0" tests="4" name="testNgStudy.LisetnerClass2_TC2" time="0.022" errors="0" timestamp="2024-01-06T14:15:24 IST" skipped="0">
  <testcase classname="testNgStudy.LisetnerClass2_TC2" name="g" time="0.013">
    <system-out>
      <![CDATA[Hi g is running ]]>
    </system-out>
  </testcase> <!-- g -->
  <testcase classname="testNgStudy.LisetnerClass2_TC2" name="i" time="0.004">
    <system-out>
      <![CDATA[Hi i is running ]]>
    </system-out>
  </testcase> <!-- i -->
  <testcase classname="testNgStudy.LisetnerClass2_TC2" name="f" time="0.003">
    <system-out>
      <![CDATA[Hi f is running]]>
    </system-out>
  </testcase> <!-- f -->
  <testcase classname="testNgStudy.LisetnerClass2_TC2" name="h" time="0.002">
    <system-out>
      <![CDATA[Hi h is running ]]>
    </system-out>
  </testcase> <!-- h -->
  <system-out>
    <![CDATA[Hi g is running 
Hi i is running 
Hi f is running
Hi h is running ]]>
  </system-out>
</testsuite> <!-- testNgStudy.LisetnerClass2_TC2 -->
