<?xml version="1.0" encoding="UTF-8"?>
<!-- Generated by org.testng.reporters.JUnitReportReporter -->
<testsuite hostname="DESKTOP-S2R2BFT" failures="0" tests="6" name="testNg_Keywords.MixAllKeywords" time="0.030" errors="0" timestamp="2023-12-21T13:19:00 IST" skipped="0">
  <testcase classname="testNg_Keywords.MixAllKeywords" name="a" time="0.002">
    <system-out>
      <![CDATA[TC a is running]]>
    </system-out>
  </testcase> <!-- a -->
  <testcase classname="testNg_Keywords.MixAllKeywords" name="c" time="0.005">
    <system-out>
      <![CDATA[TC c is running]]>
    </system-out>
  </testcase> <!-- c -->
  <testcase classname="testNg_Keywords.MixAllKeywords" name="b" time="0.013">
    <system-out>
      <![CDATA[TC b is running]]>
    </system-out>
  </testcase> <!-- b -->
  <testcase classname="testNg_Keywords.MixAllKeywords" name="d" time="0.004">
    <system-out>
      <![CDATA[TC d is running]]>
    </system-out>
  </testcase> <!-- d -->
  <testcase classname="testNg_Keywords.MixAllKeywords" name="d" time="0.001">
    <system-out>
      <![CDATA[TC d is running]]>
    </system-out>
  </testcase> <!-- d -->
  <testcase classname="testNg_Keywords.MixAllKeywords" name="d" time="0.005">
    <system-out>
      <![CDATA[TC d is running]]>
    </system-out>
  </testcase> <!-- d -->
  <system-out>
    <![CDATA[TC b is running
TC c is running
TC d is running
TC d is running
TC d is running
TC a is running]]>
  </system-out>
</testsuite> <!-- testNg_Keywords.MixAllKeywords -->
