<?xml version="1.0" encoding="UTF-8"?>
<!-- Generated by org.testng.reporters.JUnitReportReporter -->
<testsuite hostname="DESKTOP-S2R2BFT" failures="0" tests="2" name="testNg_DataProviderCrossBrowserTesting.FB_AccountFormUseDataProvider" time="20.338" errors="0" timestamp="2023-12-27T16:10:05 IST" skipped="0">
  <testcase classname="testNg_DataProviderCrossBrowserTesting.FB_AccountFormUseDataProvider" name="FBTest" time="8.594"/>
  <testcase classname="testNg_DataProviderCrossBrowserTesting.FB_AccountFormUseDataProvider" name="FBTest" time="11.744"/>
</testsuite> <!-- testNg_DataProviderCrossBrowserTesting.FB_AccountFormUseDataProvider -->
