<?xml version="1.0" encoding="UTF-8"?>
<!-- Generated by org.testng.reporters.JUnitReportReporter -->
<testsuite hostname="DESKTOP-S2R2BFT" failures="0" tests="1" name="testNgStudy.TestNg1stClass" time="10.889" errors="0" timestamp="2023-12-18T15:53:52 IST" skipped="0">
  <testcase classname="testNgStudy.TestNg1stClass" name="f" time="10.889"/>
</testsuite> <!-- testNgStudy.TestNg1stClass -->
