<?xml version="1.0" encoding="UTF-8"?>
<!-- Generated by org.testng.reporters.JUnitReportReporter -->
<testsuite hostname="DESKTOP-S2R2BFT" failures="0" tests="2" name="testNgStudy.TestNg_All_AnnotaionClass1" time="0.036" errors="0" timestamp="2023-12-21T13:02:08 IST" skipped="0">
  <testcase classname="testNgStudy.TestNg_All_AnnotaionClass1" name="testCase2" time="0.019">
    <system-out>
      <![CDATA[Test case 2 is running]]>
    </system-out>
  </testcase> <!-- testCase2 -->
  <testcase classname="testNgStudy.TestNg_All_AnnotaionClass1" name="testCase1" time="0.017">
    <system-out>
      <![CDATA[test case 1 is running]]>
    </system-out>
  </testcase> <!-- testCase1 -->
  <system-out>
    <![CDATA[Before Suite is running
Before Suite is running
Before test is running
Before test is running
Before class is running
Before Method is running
test case 1 is running
After method is running
Before Method is running
Test case 2 is running
After method is running
After class is running
Before class is running
Before Method is running
test case 3 is running
After method is running
Before Method is running
Test case 4 is running
After method is running
After class is running
After Test is running
After Test is running
After Suite is running
After Suite is running]]>
  </system-out>
</testsuite> <!-- testNgStudy.TestNg_All_AnnotaionClass1 -->
