<?xml version="1.0" encoding="UTF-8"?>
<!-- Generated by org.testng.reporters.JUnitReportReporter -->
<testsuite hostname="DESKTOP-S2R2BFT" failures="0" tests="1" name="testNgStudy.Invocation_Keyword" time="0.019" errors="0" timestamp="2023-12-21T13:07:29 IST" skipped="0">
  <testcase classname="testNgStudy.Invocation_Keyword" name="c" time="0.019">
    <system-out>
      <![CDATA[Test Case c is running]]>
    </system-out>
  </testcase> <!-- c -->
  <system-out>
    <![CDATA[Test Case c is running]]>
  </system-out>
</testsuite> <!-- testNgStudy.Invocation_Keyword -->
