<?xml version="1.0" encoding="UTF-8"?>
<!-- Generated by org.testng.reporters.JUnitReportReporter -->
<testsuite hostname="DESKTOP-S2R2BFT" failures="0" tests="3" name="testNgStudy.TestNgClass2" time="19.976" errors="0" timestamp="2023-12-18T19:09:54 IST" skipped="0">
  <testcase classname="testNgStudy.TestNgClass2" name="amazonLaunch" time="10.768">
    <system-out>
      <![CDATA[Amazon launching]]>
    </system-out>
  </testcase> <!-- amazonLaunch -->
  <testcase classname="testNgStudy.TestNgClass2" name="instaLaunch" time="5.618">
    <system-out>
      <![CDATA[Insta launching]]>
    </system-out>
  </testcase> <!-- instaLaunch -->
  <testcase classname="testNgStudy.TestNgClass2" name="fbLaunch" time="3.590">
    <system-out>
      <![CDATA[FB launching]]>
    </system-out>
  </testcase> <!-- fbLaunch -->
  <system-out>
    <![CDATA[Amazon launching
FB launching
Insta launching]]>
  </system-out>
</testsuite> <!-- testNgStudy.TestNgClass2 -->
