<?xml version="1.0" encoding="UTF-8"?>
<!-- Generated by org.testng.reporters.JUnitReportReporter -->
<testsuite hostname="DESKTOP-S2R2BFT" failures="0" tests="1" name="testNg_DataProviderCrossBrowserTesting.FB_AccountFormUseXmlUse" time="9.713" errors="0" timestamp="2023-12-27T16:12:40 IST" skipped="0">
  <testcase classname="testNg_DataProviderCrossBrowserTesting.FB_AccountFormUseXmlUse" name="FBTest" time="9.713"/>
</testsuite> <!-- testNg_DataProviderCrossBrowserTesting.FB_AccountFormUseXmlUse -->
