<?xml version="1.0" encoding="UTF-8"?>
<!-- Generated by org.testng.reporters.JUnitReportReporter -->
<testsuite hostname="DESKTOP-S2R2BFT" failures="0" tests="4" name="testNg_Keywords.EnabledKeywordUse" time="0.018" errors="0" timestamp="2023-12-21T13:14:48 IST" skipped="0">
  <testcase classname="testNg_Keywords.EnabledKeywordUse" name="a" time="0.011">
    <system-out>
      <![CDATA[TC a is running]]>
    </system-out>
  </testcase> <!-- a -->
  <testcase classname="testNg_Keywords.EnabledKeywordUse" name="d" time="0.001">
    <system-out>
      <![CDATA[TC d is running]]>
    </system-out>
  </testcase> <!-- d -->
  <testcase classname="testNg_Keywords.EnabledKeywordUse" name="b" time="0.003">
    <system-out>
      <![CDATA[TC b is running]]>
    </system-out>
  </testcase> <!-- b -->
  <testcase classname="testNg_Keywords.EnabledKeywordUse" name="c" time="0.003">
    <system-out>
      <![CDATA[TC c is running]]>
    </system-out>
  </testcase> <!-- c -->
  <system-out>
    <![CDATA[TC a is running
TC b is running
TC c is running
TC d is running]]>
  </system-out>
</testsuite> <!-- testNg_Keywords.EnabledKeywordUse -->
