<?xml version="1.0" encoding="UTF-8"?>
<!-- Generated by org.testng.reporters.JUnitReportReporter -->
<testsuite hostname="DESKTOP-S2R2BFT" failures="0" tests="1" name="coverFox_PropertiesFiles_Test.TestClass_Using_PropertiesFiles" time="0.011" errors="0" timestamp="2024-01-08T19:15:23 IST" skipped="0">
  <testcase classname="coverFox_PropertiesFiles_Test.TestClass_Using_PropertiesFiles" name="coverFox" time="0.011"/>
  <system-out>
    <![CDATA[Launch coverFox Application
Close CoverFox Application]]>
  </system-out>
</testsuite> <!-- coverFox_PropertiesFiles_Test.TestClass_Using_PropertiesFiles -->
