<?xml version="1.0" encoding="UTF-8"?>
<!-- Generated by org.testng.reporters.JUnitReportReporter -->
<testsuite hostname="DESKTOP-S2R2BFT" failures="0" tests="3" name="testNg_Include_ExcludeMethods.Class2_HowRunParticularMethod_Include_Exclude" time="0.027" errors="0" timestamp="2023-12-22T06:39:22 IST" skipped="0">
  <testcase classname="testNg_Include_ExcludeMethods.Class2_HowRunParticularMethod_Include_Exclude" name="testCase8" time="0.014">
    <system-out>
      <![CDATA[8th TestCase is running]]>
    </system-out>
  </testcase> <!-- testCase8 -->
  <testcase classname="testNg_Include_ExcludeMethods.Class2_HowRunParticularMethod_Include_Exclude" name="testCase7" time="0.011">
    <system-out>
      <![CDATA[7th TestCase is running]]>
    </system-out>
  </testcase> <!-- testCase7 -->
  <testcase classname="testNg_Include_ExcludeMethods.Class2_HowRunParticularMethod_Include_Exclude" name="testCase5" time="0.002">
    <system-out>
      <![CDATA[5th testCase is running]]>
    </system-out>
  </testcase> <!-- testCase5 -->
  <system-out>
    <![CDATA[1st TestCase is running
4th TestCase is runing
5th testCase is running
7th TestCase is running
8th TestCase is running]]>
  </system-out>
</testsuite> <!-- testNg_Include_ExcludeMethods.Class2_HowRunParticularMethod_Include_Exclude -->
