<?xml version="1.0" encoding="UTF-8"?>
<!-- Generated by org.testng.reporters.JUnitReportReporter -->
<testsuite hostname="DESKTOP-S2R2BFT" failures="0" tests="1" name="testNg_Assertions.AssertTrueFalse" time="0.013" errors="0" timestamp="2023-12-25T17:43:54 IST" skipped="0">
  <testcase classname="testNg_Assertions.AssertTrueFalse" name="f" time="0.013"/>
</testsuite> <!-- testNg_Assertions.AssertTrueFalse -->
