<?xml version="1.0" encoding="UTF-8"?>
<!-- Generated by org.testng.reporters.JUnitReportReporter -->
<testsuite hostname="DESKTOP-S2R2BFT" failures="0" tests="2" name="testNgStudy.UseAllAnnotations" time="0.020" errors="0" timestamp="2023-12-18T23:50:07 IST" skipped="0">
  <testcase classname="testNgStudy.UseAllAnnotations" name="userName" time="0.005">
    <system-out>
      <![CDATA[Enter Username]]>
    </system-out>
  </testcase> <!-- userName -->
  <testcase classname="testNgStudy.UseAllAnnotations" name="password" time="0.015">
    <system-out>
      <![CDATA[Enter password]]>
    </system-out>
  </testcase> <!-- password -->
  <system-out>
    <![CDATA[Open Browser
Before method ==> Login Successful
Before method ==> SignUpPage Successful
Enter password
After method ==> Logout Successful
Before method ==> Login Successful
Before method ==> SignUpPage Successful
Enter Username
After method ==> Logout Successful]]>
  </system-out>
</testsuite> <!-- testNgStudy.UseAllAnnotations -->
